<?xml version="1.0" encoding="UTF-8"?>
<!-- Generated by org.testng.reporters.JUnitXMLReporter -->
<testsuite hostname="Raghuraj-PC" name="Test" tests="4" failures="0" timestamp="14 Aug 2017 05:02:23 GMT" time="127.997" errors="0">
  <testcase name="createIncident" time="21.105" classname="tests.TC01_CreateIncident"/>
  <testcase name="assignIncident" time="23.96" classname="tests.TC02_AssignIncident"/>
  <testcase name="assignIncident" time="27.915" classname="tests.TC03_ResolveIncident"/>
  <testcase name="assignIncident" time="24.566" classname="tests.TC04_CloseIncident"/>
</testsuite> <!-- Test -->
