<?xml version="1.0" encoding="UTF-8"?>
<!-- Generated by org.testng.reporters.JUnitXMLReporter -->
<testsuite hostname="Raghuraj-PC" name="Myleads" tests="5" failures="0" timestamp="16 Aug 2017 05:32:42 GMT" time="156.222" errors="0">
  <testcase name="mergeLead" time="20.641" classname="LeafTapsTests.LT01_CreateLead"/>
  <testcase name="mergeLead" time="19.649" classname="LeafTapsTests.LT02_EditLead"/>
  <testcase name="mergeLead" time="22.891" classname="LeafTapsTests.LT03_DeleteLead"/>
  <testcase name="mergeLead" time="21.777" classname="LeafTapsTests.LT04_DuplicateLead"/>
  <testcase name="mergeLead" time="36.653" classname="LeafTapsTests.LT05_MergeLeads"/>
</testsuite> <!-- Myleads -->
