<?xml version="1.0" encoding="UTF-8"?>
<testng-results skipped="0" failed="0" total="1" passed="1">
  <reporter-output>
  </reporter-output>
  <suite name="Default suite" duration-ms="76361" started-at="2017-08-26T08:17:37Z" finished-at="2017-08-26T08:18:53Z">
    <groups>
    </groups>
    <test name="Default test" duration-ms="76361" started-at="2017-08-26T08:17:37Z" finished-at="2017-08-26T08:18:53Z">
      <class name="tests.TC03_ResolveIncident">
        <test-method status="PASS" signature="beforeSuite()[pri:0, instance:tests.TC03_ResolveIncident@8c8dcf]" name="beforeSuite" is-config="true" duration-ms="891" started-at="2017-08-26T13:47:36Z" finished-at="2017-08-26T13:47:37Z">
          <reporter-output>
          </reporter-output>
        </test-method> <!-- beforeSuite -->
        <test-method status="PASS" signature="beforeTest()[pri:0, instance:tests.TC03_ResolveIncident@8c8dcf]" name="beforeTest" is-config="true" duration-ms="1" started-at="2017-08-26T13:47:37Z" finished-at="2017-08-26T13:47:37Z">
          <reporter-output>
          </reporter-output>
        </test-method> <!-- beforeTest -->
        <test-method status="PASS" signature="setvalues()[pri:0, instance:tests.TC03_ResolveIncident@8c8dcf]" name="setvalues" is-config="true" duration-ms="0" started-at="2017-08-26T13:47:37Z" finished-at="2017-08-26T13:47:37Z">
          <reporter-output>
          </reporter-output>
        </test-method> <!-- setvalues -->
        <test-method status="PASS" signature="beforeMethod()[pri:0, instance:tests.TC03_ResolveIncident@8c8dcf]" name="beforeMethod" is-config="true" duration-ms="17848" started-at="2017-08-26T13:47:38Z" finished-at="2017-08-26T13:47:55Z">
          <reporter-output>
          </reporter-output>
        </test-method> <!-- beforeMethod -->
        <test-method status="PASS" signature="assignIncident(java.lang.String, java.lang.String, java.lang.String, java.lang.String, java.lang.String, java.lang.String, java.lang.String)[pri:0, instance:tests.TC03_ResolveIncident@8c8dcf]" name="assignIncident" duration-ms="55449" started-at="2017-08-26T13:47:55Z" data-provider="fetchData" finished-at="2017-08-26T13:48:51Z">
          <params>
            <param index="0">
              <value>
                <![CDATA[admin]]>
              </value>
            </param>
            <param index="1">
              <value>
                <![CDATA[Itorizon01]]>
              </value>
            </param>
            <param index="2">
              <value>
                <![CDATA[Resolved]]>
              </value>
            </param>
            <param index="3">
              <value>
                <![CDATA[Fred Luddy]]>
              </value>
            </param>
            <param index="4">
              <value>
                <![CDATA[The Status is resolved]]>
              </value>
            </param>
            <param index="5">
              <value>
                <![CDATA[The following mandatory fields are not filled in: Short description]]>
              </value>
            </param>
            <param index="6">
              <value>
                <![CDATA[It got fixed automatically]]>
              </value>
            </param>
          </params>
          <reporter-output>
          </reporter-output>
        </test-method> <!-- assignIncident -->
        <test-method status="PASS" signature="afterMethod()[pri:0, instance:tests.TC03_ResolveIncident@8c8dcf]" name="afterMethod" is-config="true" duration-ms="2310" started-at="2017-08-26T13:48:51Z" finished-at="2017-08-26T13:48:53Z">
          <reporter-output>
          </reporter-output>
        </test-method> <!-- afterMethod -->
        <test-method status="PASS" signature="afterTest()[pri:0, instance:tests.TC03_ResolveIncident@8c8dcf]" name="afterTest" is-config="true" duration-ms="0" started-at="2017-08-26T13:48:53Z" finished-at="2017-08-26T13:48:53Z">
          <reporter-output>
          </reporter-output>
        </test-method> <!-- afterTest -->
        <test-method status="PASS" signature="afterSuite()[pri:0, instance:tests.TC03_ResolveIncident@8c8dcf]" name="afterSuite" is-config="true" duration-ms="843" started-at="2017-08-26T13:48:53Z" finished-at="2017-08-26T13:48:54Z">
          <reporter-output>
          </reporter-output>
        </test-method> <!-- afterSuite -->
      </class> <!-- tests.TC03_ResolveIncident -->
    </test> <!-- Default test -->
  </suite> <!-- Default suite -->
</testng-results>
